<?xml version="1.0" encoding="UTF-8"?>
<testsuite name="com.project.demo.DemoApplicationTests" tests="1" skipped="0" failures="0" errors="0" timestamp="2025-08-02T02:15:13" hostname="KINGPORTATIL" time="0.335">
  <properties/>
  <testcase name="contextLoads()" classname="com.project.demo.DemoApplicationTests" time="0.335"/>
  <system-out><![CDATA[20:15:04.518 [Test worker] INFO org.springframework.test.context.support.AnnotationConfigContextLoaderUtils -- Could not detect default configuration classes for test class [com.project.demo.DemoApplicationTests]: DemoApplicationTests does not declare any static, non-private, non-final, nested classes annotated with @Configuration.
20:15:04.595 [Test worker] INFO org.springframework.boot.test.context.SpringBootTestContextBootstrapper -- Found @SpringBootConfiguration com.project.demo.DemoApplication for test class com.project.demo.DemoApplicationTests

  .   ____          _            __ _ _
 /\\ / ___'_ __ _ _(_)_ __  __ _ \ \ \ \
( ( )\___ | '_ | '_| | '_ \/ _` | \ \ \ \
 \\/  ___)| |_)| | | | | || (_| |  ) ) ) )
  '  |____| .__|_| |_|_| |_\__, | / / / /
 =========|_|==============|___/=/_/_/_/
 :: Spring Boot ::                (v3.2.5)

2025-08-01T20:15:04.871-06:00  INFO 34344 --- [demo] [    Test worker] com.project.demo.DemoApplicationTests    : Starting DemoApplicationTests using Java 21.0.6 with PID 34344 (started by vegal in C:\Users\vegal\OneDrive\Documentos\GitHub\thymia-backend)
2025-08-01T20:15:04.872-06:00  INFO 34344 --- [demo] [    Test worker] com.project.demo.DemoApplicationTests    : No active profile set, falling back to 1 default profile: "default"
2025-08-01T20:15:05.368-06:00  INFO 34344 --- [demo] [    Test worker] .s.d.r.c.RepositoryConfigurationDelegate : Bootstrapping Spring Data JPA repositories in DEFAULT mode.
2025-08-01T20:15:05.414-06:00  INFO 34344 --- [demo] [    Test worker] .s.d.r.c.RepositoryConfigurationDelegate : Finished Spring Data repository scanning in 40 ms. Found 4 JPA repository interfaces.
2025-08-01T20:15:05.860-06:00  INFO 34344 --- [demo] [    Test worker] o.hibernate.jpa.internal.util.LogHelper  : HHH000204: Processing PersistenceUnitInfo [name: default]
2025-08-01T20:15:05.909-06:00  INFO 34344 --- [demo] [    Test worker] org.hibernate.Version                    : HHH000412: Hibernate ORM core version 6.4.4.Final
2025-08-01T20:15:05.937-06:00  INFO 34344 --- [demo] [    Test worker] o.h.c.internal.RegionFactoryInitiator    : HHH000026: Second-level cache disabled
2025-08-01T20:15:06.112-06:00  INFO 34344 --- [demo] [    Test worker] o.s.o.j.p.SpringPersistenceUnitInfo      : No LoadTimeWeaver setup: ignoring JPA class transformer
2025-08-01T20:15:06.139-06:00  INFO 34344 --- [demo] [    Test worker] com.zaxxer.hikari.HikariDataSource       : HikariPool-1 - Starting...
2025-08-01T20:15:06.835-06:00  INFO 34344 --- [demo] [    Test worker] com.zaxxer.hikari.pool.HikariPool        : HikariPool-1 - Added connection org.mariadb.jdbc.Connection@66e1b2a
2025-08-01T20:15:06.836-06:00  INFO 34344 --- [demo] [    Test worker] com.zaxxer.hikari.HikariDataSource       : HikariPool-1 - Start completed.
2025-08-01T20:15:06.968-06:00  WARN 34344 --- [demo] [    Test worker] org.hibernate.orm.deprecation            : HHH90000025: MariaDBDialect does not need to be specified explicitly using 'hibernate.dialect' (remove the property setting and it will be selected by default)
2025-08-01T20:15:07.902-06:00  INFO 34344 --- [demo] [    Test worker] o.h.e.t.j.p.i.JtaPlatformInitiator       : HHH000489: No JTA platform available (set 'hibernate.transaction.jta.platform' to enable JTA platform integration)
2025-08-01T20:15:10.928-06:00  INFO 34344 --- [demo] [    Test worker] j.LocalContainerEntityManagerFactoryBean : Initialized JPA EntityManagerFactory for persistence unit 'default'
2025-08-01T20:15:11.132-06:00  INFO 34344 --- [demo] [    Test worker] o.s.d.j.r.query.QueryEnhancerFactory     : Hibernate is in classpath; If applicable, HQL parser will be used.
2025-08-01T20:15:11.554-06:00  WARN 34344 --- [demo] [    Test worker] JpaBaseConfiguration$JpaWebConfiguration : spring.jpa.open-in-view is enabled by default. Therefore, database queries may be performed during view rendering. Explicitly configure spring.jpa.open-in-view to disable this warning
2025-08-01T20:15:12.005-06:00  INFO 34344 --- [demo] [    Test worker] o.s.s.web.DefaultSecurityFilterChain     : Will secure any request with [org.springframework.security.web.session.DisableEncodeUrlFilter@29d7d117, org.springframework.security.web.context.request.async.WebAsyncManagerIntegrationFilter@5213a8f7, org.springframework.security.web.context.SecurityContextHolderFilter@45970ee8, org.springframework.security.web.header.HeaderWriterFilter@745526a0, org.springframework.web.filter.CorsFilter@60cb3ca9, org.springframework.security.web.authentication.logout.LogoutFilter@7cfe97db, com.project.demo.logic.entity.auth.JwtAuthenticationFilter@1bef1304, org.springframework.security.web.savedrequest.RequestCacheAwareFilter@2f49d34d, org.springframework.security.web.servletapi.SecurityContextHolderAwareRequestFilter@6aa34b05, org.springframework.security.web.authentication.AnonymousAuthenticationFilter@30078038, org.springframework.security.web.session.SessionManagementFilter@9730004, org.springframework.security.web.access.ExceptionTranslationFilter@2c6c67e0, org.springframework.security.web.access.intercept.AuthorizationFilter@63e31b89]
Hibernate: select r1_0.id,r1_0.created_at,r1_0.description,r1_0.name,r1_0.updated_at from rol r1_0 where r1_0.name=?
com.project.demo.logic.entity.rol.Role@41d9b9de
Hibernate: select r1_0.id,r1_0.created_at,r1_0.description,r1_0.name,r1_0.updated_at from rol r1_0 where r1_0.name=?
com.project.demo.logic.entity.rol.Role@4861df70
Hibernate: select r1_0.id,r1_0.created_at,r1_0.description,r1_0.name,r1_0.updated_at from rol r1_0 where r1_0.name=?
com.project.demo.logic.entity.rol.Role@303fe95c
Hibernate: select r1_0.id,r1_0.created_at,r1_0.description,r1_0.name,r1_0.updated_at from rol r1_0 where r1_0.name=?
Hibernate: select u1_0.id,u1_0.created_at,u1_0.email,u1_0.face_id_value,u1_0.fecha_bloqueo,u1_0.intentos_fallidos,u1_0.lastname,u1_0.name,u1_0.password,u1_0.role_id,u1_0.updated_at from user u1_0 where u1_0.email=?
Hibernate: select r1_0.id,r1_0.created_at,r1_0.description,r1_0.name,r1_0.updated_at from rol r1_0 where r1_0.id=?
Hibernate: select r1_0.id,r1_0.created_at,r1_0.description,r1_0.name,r1_0.updated_at from rol r1_0 where r1_0.name=?
Hibernate: select u1_0.id,u1_0.created_at,u1_0.email,u1_0.face_id_value,u1_0.fecha_bloqueo,u1_0.intentos_fallidos,u1_0.lastname,u1_0.name,u1_0.password,u1_0.role_id,u1_0.updated_at from user u1_0 where u1_0.email=?
Hibernate: select r1_0.id,r1_0.created_at,r1_0.description,r1_0.name,r1_0.updated_at from rol r1_0 where r1_0.id=?
2025-08-01T20:15:13.443-06:00  INFO 34344 --- [demo] [    Test worker] com.project.demo.DemoApplicationTests    : Started DemoApplicationTests in 8.73 seconds (process running for 9.557)
]]></system-out>
  <system-err><![CDATA[WARNING: A Java agent has been loaded dynamically (C:\Users\vegal\.gradle\caches\modules-2\files-2.1\net.bytebuddy\byte-buddy-agent\1.14.13\979ce25f7d3096a2e82214ba7dc972a05ce7a171\byte-buddy-agent-1.14.13.jar)
WARNING: If a serviceability tool is in use, please run with -XX:+EnableDynamicAgentLoading to hide this warning
WARNING: If a serviceability tool is not in use, please run with -Djdk.instrument.traceUsage for more information
WARNING: Dynamic loading of agents will be disallowed by default in a future release
]]></system-err>
</testsuite>
